<?xml version="1.0" encoding="UTF-8"?>
<!-- Generated by org.testng.reporters.JUnitReportReporter -->
<testsuite hostname="DESKTOP-46EEHEL" failures="0" tests="1" name="tests.FourthSampleTSwithPageObjAndActions" time="18.574" errors="0" timestamp="31 May 2020 14:11:21 GMT" skipped="0">
  <testcase classname="tests.FourthSampleTSwithPageObjAndActions" name="PwdTextBoxDisplayValidationwithHomePageFourth" time="18.574"/>
</testsuite> <!-- tests.FourthSampleTSwithPageObjAndActions -->
